# JRE version: OpenJDK Runtime Environment (8.0_382-b05) (build 1.8.0_382-8u382-ga-1~22.04.1-b05)
# Java VM: OpenJDK 64-Bit Server VM (25.382-b05 mixed mode linux-amd64 compressed oops)
Heap:
 PSYoungGen      total 320512K, used 89793K [0x00000000eab00000, 0x0000000100000000, 0x0000000100000000)
  eden space 320000K, 28% used [0x00000000eab00000,0x00000000f0280728,0x00000000fe380000)
  from space 512K, 37% used [0x00000000fff00000,0x00000000fff30000,0x00000000fff80000)
  to   space 512K, 0% used [0x00000000fff80000,0x00000000fff80000,0x0000000100000000)
 ParOldGen       total 171008K, used 72354K [0x00000000c0000000, 0x00000000ca700000, 0x00000000eab00000)
  object space 171008K, 42% used [0x00000000c0000000,0x00000000c46a8928,0x00000000ca700000)
 Metaspace       used 14200K, capacity 14868K, committed 15104K, reserved 1062912K
  class space    used 2103K, capacity 2245K, committed 2304K, reserved 1048576K
GC Heap History (10 events):
Event: 98.178 GC heap before
{Heap before GC invocations=327 (full 4):
 PSYoungGen      total 348672K, used 348384K [0x00000000eab00000, 0x0000000100000000, 0x0000000100000000)
  eden space 348160K, 100% used [0x00000000eab00000,0x00000000fff00000,0x00000000fff00000)
  from space 512K, 43% used [0x00000000fff80000,0x00000000fffb8000,0x0000000100000000)
  to   space 512K, 0% used [0x00000000fff00000,0x00000000fff00000,0x00000000fff80000)
 ParOldGen       total 171008K, used 72354K [0x00000000c0000000, 0x00000000ca700000, 0x00000000eab00000)
  object space 171008K, 42% used [0x00000000c0000000,0x00000000c46a8928,0x00000000ca700000)
 Metaspace       used 14189K, capacity 14868K, committed 15104K, reserved 1062912K
  class space    used 2101K, capacity 2245K, committed 2304K, reserved 1048576K
Event: 98.183 GC heap after
Heap after GC invocations=327 (full 4):
 PSYoungGen      total 348672K, used 128K [0x00000000eab00000, 0x0000000100000000, 0x0000000100000000)
  eden space 348160K, 0% used [0x00000000eab00000,0x00000000eab00000,0x00000000fff00000)
  from space 512K, 25% used [0x00000000fff00000,0x00000000fff20000,0x00000000fff80000)
  to   space 512K, 0% used [0x00000000fff80000,0x00000000fff80000,0x0000000100000000)
 ParOldGen       total 171008K, used 72354K [0x00000000c0000000, 0x00000000ca700000, 0x00000000eab00000)
  object space 171008K, 42% used [0x00000000c0000000,0x00000000c46a8928,0x00000000ca700000)
 Metaspace       used 14189K, capacity 14868K, committed 15104K, reserved 1062912K
  class space    used 2101K, capacity 2245K, committed 2304K, reserved 1048576K
}
Event: 98.519 GC heap before
{Heap before GC invocations=328 (full 4):
 PSYoungGen      total 348672K, used 348288K [0x00000000eab00000, 0x0000000100000000, 0x0000000100000000)
  eden space 348160K, 100% used [0x00000000eab00000,0x00000000fff00000,0x00000000fff00000)
  from space 512K, 25% used [0x00000000fff00000,0x00000000fff20000,0x00000000fff80000)
  to   space 512K, 0% used [0x00000000fff80000,0x00000000fff80000,0x0000000100000000)
 ParOldGen       total 171008K, used 72354K [0x00000000c0000000, 0x00000000ca700000, 0x00000000eab00000)
  object space 171008K, 42% used [0x00000000c0000000,0x00000000c46a8928,0x00000000ca700000)
 Metaspace       used 14189K, capacity 14868K, committed 15104K, reserved 1062912K
  class space    used 2101K, capacity 2245K, committed 2304K, reserved 1048576K
Event: 98.520 GC heap after
Heap after GC invocations=328 (full 4):
 PSYoungGen      total 348672K, used 128K [0x00000000eab00000, 0x0000000100000000, 0x0000000100000000)
  eden space 348160K, 0% used [0x00000000eab00000,0x00000000eab00000,0x00000000fff00000)
  from space 512K, 25% used [0x00000000fff80000,0x00000000fffa0000,0x0000000100000000)
  to   space 512K, 0% used [0x00000000fff00000,0x00000000fff00000,0x00000000fff80000)
 ParOldGen       total 171008K, used 72354K [0x00000000c0000000, 0x00000000ca700000, 0x00000000eab00000)
  object space 171008K, 42% used [0x00000000c0000000,0x00000000c46a8928,0x00000000ca700000)
 Metaspace       used 14189K, capacity 14868K, committed 15104K, reserved 1062912K
  class space    used 2101K, capacity 2245K, committed 2304K, reserved 1048576K
}
Event: 98.859 GC heap before
{Heap before GC invocations=329 (full 4):
 PSYoungGen      total 348672K, used 348288K [0x00000000eab00000, 0x0000000100000000, 0x0000000100000000)
  eden space 348160K, 100% used [0x00000000eab00000,0x00000000fff00000,0x00000000fff00000)
  from space 512K, 25% used [0x00000000fff80000,0x00000000fffa0000,0x0000000100000000)
  to   space 512K, 0% used [0x00000000fff00000,0x00000000fff00000,0x00000000fff80000)
 ParOldGen       total 171008K, used 72354K [0x00000000c0000000, 0x00000000ca700000, 0x00000000eab00000)
  object space 171008K, 42% used [0x00000000c0000000,0x00000000c46a8928,0x00000000ca700000)
 Metaspace       used 14189K, capacity 14868K, committed 15104K, reserved 1062912K
  class space    used 2101K, capacity 2245K, committed 2304K, reserved 1048576K
Event: 98.861 GC heap after
Heap after GC invocations=329 (full 4):
 PSYoungGen      total 348672K, used 128K [0x00000000eab00000, 0x0000000100000000, 0x0000000100000000)
  eden space 348160K, 0% used [0x00000000eab00000,0x00000000eab00000,0x00000000fff00000)
  from space 512K, 25% used [0x00000000fff00000,0x00000000fff20000,0x00000000fff80000)
  to   space 512K, 0% used [0x00000000fff80000,0x00000000fff80000,0x0000000100000000)
 ParOldGen       total 171008K, used 72354K [0x00000000c0000000, 0x00000000ca700000, 0x00000000eab00000)
  object space 171008K, 42% used [0x00000000c0000000,0x00000000c46a8928,0x00000000ca700000)
 Metaspace       used 14189K, capacity 14868K, committed 15104K, reserved 1062912K
  class space    used 2101K, capacity 2245K, committed 2304K, reserved 1048576K
}
Event: 99.189 GC heap before
{Heap before GC invocations=330 (full 4):
 PSYoungGen      total 348672K, used 348288K [0x00000000eab00000, 0x0000000100000000, 0x0000000100000000)
  eden space 348160K, 100% used [0x00000000eab00000,0x00000000fff00000,0x00000000fff00000)
  from space 512K, 25% used [0x00000000fff00000,0x00000000fff20000,0x00000000fff80000)
  to   space 512K, 0% used [0x00000000fff80000,0x00000000fff80000,0x0000000100000000)
 ParOldGen       total 171008K, used 72354K [0x00000000c0000000, 0x00000000ca700000, 0x00000000eab00000)
  object space 171008K, 42% used [0x00000000c0000000,0x00000000c46a8928,0x00000000ca700000)
 Metaspace       used 14189K, capacity 14868K, committed 15104K, reserved 1062912K
  class space    used 2101K, capacity 2245K, committed 2304K, reserved 1048576K
Event: 99.191 GC heap after
Heap after GC invocations=330 (full 4):
 PSYoungGen      total 334336K, used 160K [0x00000000eab00000, 0x0000000100000000, 0x0000000100000000)
  eden space 333824K, 0% used [0x00000000eab00000,0x00000000eab00000,0x00000000ff100000)
  from space 512K, 31% used [0x00000000fff80000,0x00000000fffa8000,0x0000000100000000)
  to   space 512K, 0% used [0x00000000fff00000,0x00000000fff00000,0x00000000fff80000)
 ParOldGen       total 171008K, used 72354K [0x00000000c0000000, 0x00000000ca700000, 0x00000000eab00000)
  object space 171008K, 42% used [0x00000000c0000000,0x00000000c46a8928,0x00000000ca700000)
 Metaspace       used 14189K, capacity 14868K, committed 15104K, reserved 1062912K
  class space    used 2101K, capacity 2245K, committed 2304K, reserved 1048576K
}
Event: 99.466 GC heap before
{Heap before GC invocations=331 (full 4):
 PSYoungGen      total 334336K, used 333984K [0x00000000eab00000, 0x0000000100000000, 0x0000000100000000)
  eden space 333824K, 100% used [0x00000000eab00000,0x00000000ff100000,0x00000000ff100000)
  from space 512K, 31% used [0x00000000fff80000,0x00000000fffa8000,0x0000000100000000)
  to   space 512K, 0% used [0x00000000fff00000,0x00000000fff00000,0x00000000fff80000)
 ParOldGen       total 171008K, used 72354K [0x00000000c0000000, 0x00000000ca700000, 0x00000000eab00000)
  object space 171008K, 42% used [0x00000000c0000000,0x00000000c46a8928,0x00000000ca700000)
 Metaspace       used 14189K, capacity 14868K, committed 15104K, reserved 1062912K
  class space    used 2101K, capacity 2245K, committed 2304K, reserved 1048576K
Event: 99.469 GC heap after
Heap after GC invocations=331 (full 4):
 PSYoungGen      total 320512K, used 192K [0x00000000eab00000, 0x0000000100000000, 0x0000000100000000)
  eden space 320000K, 0% used [0x00000000eab00000,0x00000000eab00000,0x00000000fe380000)
  from space 512K, 37% used [0x00000000fff00000,0x00000000fff30000,0x00000000fff80000)
  to   space 512K, 0% used [0x00000000fff80000,0x00000000fff80000,0x0000000100000000)
 ParOldGen       total 171008K, used 72354K [0x00000000c0000000, 0x00000000ca700000, 0x00000000eab00000)
  object space 171008K, 42% used [0x00000000c0000000,0x00000000c46a8928,0x00000000ca700000)
 Metaspace       used 14189K, capacity 14868K, committed 15104K, reserved 1062912K
  class space    used 2101K, capacity 2245K, committed 2304K, reserved 1048576K
}

